2023-04-08 06:40:58,836 - __main__ - INFO - 104.45.203.134
2023-04-08 06:40:58,836 - __main__ - INFO - running pc
2023-04-08 06:40:58,894 - __main__ - INFO - 200
2023-04-08 06:40:59,956 - __main__ - INFO - 200
2023-04-08 06:41:01,013 - __main__ - INFO - 200
2023-04-08 06:41:02,096 - __main__ - INFO - 200
2023-04-08 06:41:03,169 - __main__ - INFO - 200
2023-04-08 06:41:04,224 - __main__ - INFO - 200
2023-04-08 06:41:05,278 - __main__ - INFO - 200
2023-04-08 06:41:06,339 - __main__ - INFO - 200
2023-04-08 06:41:07,394 - __main__ - INFO - 200
2023-04-08 06:41:08,447 - __main__ - INFO - 200
2023-04-08 06:51:15,478 - __main__ - INFO - 20.185.155.240
2023-04-08 06:51:15,479 - __main__ - INFO - running pc
2023-04-08 06:51:15,541 - __main__ - INFO - 200
2023-04-08 06:51:16,597 - __main__ - INFO - 200
2023-04-08 06:51:17,676 - __main__ - INFO - 200
2023-04-08 06:51:18,732 - __main__ - INFO - 200
2023-04-08 06:51:19,792 - __main__ - INFO - 200
2023-04-08 06:51:20,875 - __main__ - INFO - 200
2023-04-08 06:51:21,931 - __main__ - INFO - 200
2023-04-08 06:51:22,988 - __main__ - INFO - 200
2023-04-08 06:51:24,048 - __main__ - INFO - 200
2023-04-08 06:51:25,130 - __main__ - INFO - 200
2023-04-08 07:17:10,289 - __main__ - INFO - 13.64.12.80
2023-04-08 07:17:10,290 - __main__ - INFO - running pc
2023-04-08 07:17:10,290 - __main__ - INFO - running pc
2023-04-08 07:17:10,374 - __main__ - INFO - 200
2023-04-08 07:17:10,400 - __main__ - INFO - 200
2023-04-08 07:17:11,449 - __main__ - INFO - 200
2023-04-08 07:17:11,471 - __main__ - INFO - 200
2023-04-08 07:17:12,522 - __main__ - INFO - 200
2023-04-08 07:17:12,547 - __main__ - INFO - 200
2023-04-08 07:17:13,599 - __main__ - INFO - 200
2023-04-08 07:17:13,623 - __main__ - INFO - 200
2023-04-08 07:17:14,685 - __main__ - INFO - 200
2023-04-08 07:17:14,694 - __main__ - INFO - 200
2023-04-08 07:17:15,761 - __main__ - INFO - 200
2023-04-08 07:17:15,768 - __main__ - INFO - 200
2023-04-08 07:17:16,835 - __main__ - INFO - 200
2023-04-08 07:17:16,862 - __main__ - INFO - 200
2023-04-08 07:17:17,909 - __main__ - INFO - 200
2023-04-08 07:17:17,934 - __main__ - INFO - 200
2023-04-08 07:17:18,985 - __main__ - INFO - 200
2023-04-08 07:17:19,008 - __main__ - INFO - 200
2023-04-08 07:17:20,059 - __main__ - INFO - 200
2023-04-08 07:17:20,083 - __main__ - INFO - 200
2023-04-08 07:17:21,135 - __main__ - INFO - 200
2023-04-08 07:17:21,161 - __main__ - INFO - 200
2023-04-08 07:17:22,211 - __main__ - INFO - 200
2023-04-08 07:17:22,230 - __main__ - INFO - 200
2023-04-08 07:17:23,287 - __main__ - INFO - 200
2023-04-08 07:17:23,302 - __main__ - INFO - 200
2023-04-08 07:17:24,360 - __main__ - INFO - 200
2023-04-08 07:17:24,377 - __main__ - INFO - 200
2023-04-08 07:17:25,451 - __main__ - INFO - 200
2023-04-08 07:17:25,509 - __main__ - INFO - 200
2023-04-08 07:17:26,526 - __main__ - INFO - 200
2023-04-08 07:17:26,585 - __main__ - INFO - 200
2023-04-08 07:17:27,595 - __main__ - INFO - 200
2023-04-08 07:17:27,656 - __main__ - INFO - 200
2023-04-08 07:17:28,667 - __main__ - INFO - 200
2023-04-08 07:17:28,732 - __main__ - INFO - 200
2023-04-08 07:17:29,740 - __main__ - INFO - 200
2023-04-08 07:17:29,805 - __main__ - INFO - 200
2023-04-08 07:17:30,883 - __main__ - INFO - 200
2023-04-08 07:17:30,890 - __main__ - INFO - 200
2023-04-08 07:17:31,958 - __main__ - INFO - 200
2023-04-08 07:17:31,969 - __main__ - INFO - 200
2023-04-08 07:17:33,029 - __main__ - INFO - 200
2023-04-08 07:17:33,043 - __main__ - INFO - 200
2023-04-08 07:17:34,099 - __main__ - INFO - 200
2023-04-08 07:17:34,115 - __main__ - INFO - 200
2023-04-08 07:17:35,175 - __main__ - INFO - 200
2023-04-08 07:17:35,190 - __main__ - INFO - 200
2023-04-08 07:17:36,251 - __main__ - INFO - 200
2023-04-08 07:17:36,267 - __main__ - INFO - 200
2023-04-08 07:17:37,323 - __main__ - INFO - 200
2023-04-08 07:17:37,335 - __main__ - INFO - 200
2023-04-08 07:17:38,405 - __main__ - INFO - 200
2023-04-08 07:17:38,411 - __main__ - INFO - 200
2023-04-08 07:17:39,481 - __main__ - INFO - 200
2023-04-08 07:17:39,481 - __main__ - INFO - 200
2023-04-08 07:17:40,572 - __main__ - INFO - 200
2023-04-08 07:17:40,653 - __main__ - INFO - 200
2023-04-08 07:17:41,643 - __main__ - INFO - 200
2023-04-08 07:17:41,806 - __main__ - INFO - 200
2023-04-08 07:28:34,254 - __main__ - INFO - 40.84.176.230
2023-04-08 07:28:34,254 - __main__ - INFO - running pc
2023-04-08 07:28:34,258 - __main__ - INFO - running pc
2023-04-08 07:28:34,334 - __main__ - INFO - 200
2023-04-08 07:28:34,427 - __main__ - INFO - 200
2023-04-08 07:28:35,500 - __main__ - INFO - 200
2023-04-08 07:28:35,510 - __main__ - INFO - 200
2023-04-08 07:28:36,591 - __main__ - INFO - 200
2023-04-08 07:28:36,668 - __main__ - INFO - 200
2023-04-08 07:28:37,668 - __main__ - INFO - 200
2023-04-08 07:28:37,743 - __main__ - INFO - 200
2023-04-08 07:28:38,747 - __main__ - INFO - 200
2023-04-08 07:28:38,819 - __main__ - INFO - 200
2023-04-08 07:28:39,827 - __main__ - INFO - 200
2023-04-08 07:28:39,905 - __main__ - INFO - 200
2023-04-08 07:28:40,903 - __main__ - INFO - 200
2023-04-08 07:28:41,075 - __main__ - INFO - 200
2023-04-08 07:28:42,067 - __main__ - INFO - 200
2023-04-08 07:28:42,241 - __main__ - INFO - 200
2023-04-08 07:28:43,233 - __main__ - INFO - 200
2023-04-08 07:28:43,423 - __main__ - INFO - 200
2023-04-08 07:28:44,309 - __main__ - INFO - 200
2023-04-08 07:28:44,502 - __main__ - INFO - 200
2023-04-08 07:28:45,384 - __main__ - INFO - 200
2023-04-08 07:28:45,580 - __main__ - INFO - 200
2023-04-08 07:28:46,551 - __main__ - INFO - 200
2023-04-08 07:28:46,656 - __main__ - INFO - 200
2023-04-08 07:28:47,631 - __main__ - INFO - 200
2023-04-08 07:28:47,824 - __main__ - INFO - 200
2023-04-08 07:28:48,795 - __main__ - INFO - 200
2023-04-08 07:28:48,988 - __main__ - INFO - 200
2023-04-08 07:28:49,964 - __main__ - INFO - 200
2023-04-08 07:28:50,152 - __main__ - INFO - 200
2023-04-08 07:28:51,129 - __main__ - INFO - 200
2023-04-08 07:28:51,319 - __main__ - INFO - 200
2023-04-08 07:28:52,302 - __main__ - INFO - 200
2023-04-08 07:28:52,482 - __main__ - INFO - 200
2023-04-08 07:28:53,381 - __main__ - INFO - 200
2023-04-08 07:28:53,679 - __main__ - INFO - 200
2023-04-08 07:28:54,548 - __main__ - INFO - 200
2023-04-08 07:28:54,761 - __main__ - INFO - 200
2023-04-08 07:28:55,717 - __main__ - INFO - 200
2023-04-08 07:28:55,944 - __main__ - INFO - 200
2023-04-08 07:28:56,885 - __main__ - INFO - 200
2023-04-08 07:28:57,112 - __main__ - INFO - 200
2023-04-08 07:28:57,966 - __main__ - INFO - 200
2023-04-08 07:28:58,190 - __main__ - INFO - 200
2023-04-08 07:28:59,152 - __main__ - INFO - 200
2023-04-08 07:28:59,265 - __main__ - INFO - 200
2023-04-08 07:29:00,323 - __main__ - INFO - 200
2023-04-08 07:29:00,449 - __main__ - INFO - 200
2023-04-08 07:29:01,493 - __main__ - INFO - 200
2023-04-08 07:29:01,613 - __main__ - INFO - 200
2023-04-08 07:29:02,659 - __main__ - INFO - 200
2023-04-08 07:29:02,690 - __main__ - INFO - 200
2023-04-08 07:29:03,771 - __main__ - INFO - 200
2023-04-08 07:29:03,828 - __main__ - INFO - 200
2023-04-08 07:29:04,907 - __main__ - INFO - 200
2023-04-08 07:29:04,962 - __main__ - INFO - 200
2023-04-08 07:29:06,083 - __main__ - INFO - 200
2023-04-08 07:29:06,131 - __main__ - INFO - 200
2023-04-08 07:29:07,207 - __main__ - INFO - 200
2023-04-08 07:29:07,280 - __main__ - INFO - 200
2023-04-08 07:39:54,038 - __main__ - INFO - 172.177.131.87
2023-04-08 07:39:54,038 - __main__ - INFO - 08/04/2023 07:39:54
2023-04-08 07:39:54,039 - __main__ - INFO - running pc
2023-04-08 07:39:54,041 - __main__ - INFO - running pc
2023-04-08 07:51:29,963 - __main__ - INFO - 40.84.174.102
2023-04-08 07:51:29,963 - __main__ - INFO - 08/04/2023 07:51:29
2023-04-08 07:51:29,963 - __main__ - INFO - running pc
2023-04-08 07:51:29,963 - __main__ - INFO - running pc
2023-04-08 10:25:50,625 - __main__ - INFO - 172.177.32.0
2023-04-08 10:25:50,625 - __main__ - INFO - running pc
2023-04-08 10:25:50,625 - __main__ - INFO - running pc
2023-04-08 10:25:50,626 - __main__ - INFO - running pc
2023-04-09 10:25:49,986 - __main__ - INFO - 172.177.32.0
2023-04-09 10:25:49,987 - __main__ - INFO - running pc
2023-04-09 10:25:49,989 - __main__ - INFO - running pc
2023-04-09 10:25:49,989 - __main__ - INFO - running pc
2023-04-09 10:25:49,990 - __main__ - INFO - running pc
2023-04-09 10:31:58,110 - __main__ - INFO - running Us mob
2023-04-09 10:31:58,110 - __main__ - INFO - running Us mob
2023-04-09 10:31:58,112 - __main__ - INFO - running Us mob
2023-04-09 10:31:58,112 - __main__ - INFO - running Us mob
2023-04-10 10:28:13,663 - __main__ - INFO - 172.177.152.231
2023-04-10 10:28:13,663 - __main__ - INFO - running pc
2023-04-10 10:28:13,665 - __main__ - INFO - running pc
2023-04-10 10:28:13,666 - __main__ - INFO - running pc
2023-04-10 10:28:13,667 - __main__ - INFO - running pc
2023-04-10 10:34:22,741 - __main__ - INFO - running Us mob
2023-04-10 10:34:22,741 - __main__ - INFO - running Us mob
2023-04-10 10:34:22,742 - __main__ - INFO - running Us mob
2023-04-10 10:34:22,743 - __main__ - INFO - running Us mob
2023-04-11 10:29:16,521 - __main__ - INFO - 40.84.174.102
2023-04-11 10:29:16,521 - __main__ - INFO - running pc
2023-04-11 10:29:16,522 - __main__ - INFO - running pc
2023-04-11 10:29:16,523 - __main__ - INFO - running pc
2023-04-11 10:29:16,524 - __main__ - INFO - running pc
2023-04-11 10:36:41,614 - __main__ - INFO - running Us mob
2023-04-11 10:36:41,614 - __main__ - INFO - running Us mob
2023-04-11 10:36:41,615 - __main__ - INFO - running Us mob
2023-04-11 10:36:41,617 - __main__ - INFO - running Us mob
2023-04-12 10:28:56,841 - __main__ - INFO - 157.55.190.56
2023-04-12 10:28:56,841 - __main__ - INFO - running pc
2023-04-12 10:28:56,842 - __main__ - INFO - running pc
2023-04-12 10:28:56,843 - __main__ - INFO - running pc
2023-04-12 10:28:56,844 - __main__ - INFO - running pc
2023-04-12 10:40:25,340 - __main__ - INFO - running Us mob
2023-04-12 10:40:25,341 - __main__ - INFO - running Us mob
2023-04-12 10:40:25,342 - __main__ - INFO - running Us mob
2023-04-12 10:40:25,342 - __main__ - INFO - running Us mob
2023-04-13 10:28:38,109 - __main__ - INFO - 40.86.13.224
2023-04-13 10:28:38,110 - __main__ - INFO - running pc
2023-04-13 10:28:38,110 - __main__ - INFO - running pc
2023-04-13 10:28:38,111 - __main__ - INFO - running pc
2023-04-13 10:28:38,111 - __main__ - INFO - running pc
2023-04-13 10:41:06,896 - __main__ - INFO - running Us mob
2023-04-13 10:41:06,896 - __main__ - INFO - running Us mob
2023-04-13 10:41:06,898 - __main__ - INFO - running Us mob
2023-04-13 10:41:06,898 - __main__ - INFO - running Us mob
2023-04-14 10:28:35,913 - __main__ - INFO - 172.176.144.112
2023-04-14 10:28:35,913 - __main__ - INFO - running pc
2023-04-14 10:28:35,915 - __main__ - INFO - running pc
2023-04-14 10:28:35,915 - __main__ - INFO - running pc
2023-04-14 10:28:35,916 - __main__ - INFO - running pc
2023-04-14 10:37:48,858 - __main__ - INFO - running Us mob
2023-04-14 10:37:48,858 - __main__ - INFO - running Us mob
2023-04-14 10:37:48,859 - __main__ - INFO - running Us mob
2023-04-14 10:37:48,861 - __main__ - INFO - running Us mob
2023-04-15 10:26:57,153 - __main__ - INFO - 172.177.25.6
2023-04-15 10:26:57,153 - __main__ - INFO - running pc
2023-04-15 10:26:57,154 - __main__ - INFO - running pc
2023-04-15 10:26:57,155 - __main__ - INFO - running pc
2023-04-15 10:26:57,156 - __main__ - INFO - running pc
2023-04-15 10:28:34,287 - __main__ - INFO - failed
2023-04-15 10:28:34,287 - __main__ - INFO - 22
2023-04-15 10:28:34,350 - __main__ - INFO - failed
2023-04-15 10:28:34,350 - __main__ - INFO - 22
2023-04-15 10:36:11,109 - __main__ - INFO - running Us mob
2023-04-15 10:36:11,109 - __main__ - INFO - running Us mob
2023-04-15 10:36:11,109 - __main__ - INFO - running Us mob
2023-04-15 10:36:11,110 - __main__ - INFO - running Us mob
2023-04-16 10:26:45,507 - __main__ - INFO - 104.45.207.96
2023-04-16 10:26:45,508 - __main__ - INFO - running pc
2023-04-16 10:26:45,508 - __main__ - INFO - running pc
2023-04-16 10:26:45,509 - __main__ - INFO - running pc
2023-04-16 10:26:45,510 - __main__ - INFO - running pc
2023-04-16 10:30:54,821 - __main__ - INFO - failed
2023-04-16 10:30:54,821 - __main__ - INFO - 26
2023-04-16 10:32:41,379 - __main__ - INFO - failed
2023-04-16 10:32:41,379 - __main__ - INFO - 22
2023-04-16 10:36:00,967 - __main__ - INFO - running Us mob
2023-04-16 10:36:00,968 - __main__ - INFO - running Us mob
2023-04-16 10:36:00,968 - __main__ - INFO - running Us mob
2023-04-16 10:36:00,969 - __main__ - INFO - running Us mob
2023-04-17 10:30:14,714 - __main__ - INFO - 40.84.170.48
2023-04-17 10:30:14,715 - __main__ - INFO - running pc
2023-04-17 10:30:14,715 - __main__ - INFO - running pc
2023-04-17 10:30:14,716 - __main__ - INFO - running pc
2023-04-17 10:30:14,717 - __main__ - INFO - running pc
2023-04-17 10:40:21,748 - __main__ - INFO - running Us mob
2023-04-17 10:40:21,748 - __main__ - INFO - running Us mob
2023-04-17 10:40:21,749 - __main__ - INFO - running Us mob
2023-04-17 10:40:21,750 - __main__ - INFO - running Us mob
2023-04-18 10:29:49,684 - __main__ - INFO - 40.84.176.231
2023-04-18 10:29:49,685 - __main__ - INFO - running pc
2023-04-18 10:29:49,686 - __main__ - INFO - running pc
2023-04-18 10:29:49,687 - __main__ - INFO - running pc
2023-04-18 10:29:49,687 - __main__ - INFO - running pc
2023-04-18 10:40:05,459 - __main__ - INFO - running Us mob
2023-04-18 10:40:05,459 - __main__ - INFO - running Us mob
2023-04-18 10:40:05,460 - __main__ - INFO - running Us mob
2023-04-18 10:40:05,461 - __main__ - INFO - running Us mob
2023-04-19 11:53:50,326 - __main__ - INFO - 172.176.224.208
2023-04-19 11:53:50,327 - __main__ - INFO - running pc
2023-04-19 11:53:50,327 - __main__ - INFO - running pc
2023-04-19 11:53:50,328 - __main__ - INFO - running pc
2023-04-19 11:53:50,328 - __main__ - INFO - running pc
2023-04-19 12:06:11,216 - __main__ - INFO - running Us mob
2023-04-19 12:06:11,216 - __main__ - INFO - running Us mob
2023-04-19 12:06:11,216 - __main__ - INFO - running Us mob
2023-04-19 12:06:11,217 - __main__ - INFO - running Us mob
2023-04-20 10:28:57,524 - __main__ - INFO - 172.177.32.0
2023-04-20 10:28:57,525 - __main__ - INFO - running pc
2023-04-20 10:28:57,525 - __main__ - INFO - running pc
2023-04-20 10:28:57,528 - __main__ - INFO - running pc
2023-04-20 10:28:57,529 - __main__ - INFO - running pc
2023-04-20 10:38:51,358 - __main__ - INFO - failed
2023-04-20 10:38:51,358 - __main__ - INFO - 5
2023-04-20 10:39:28,578 - __main__ - INFO - failed
2023-04-20 10:39:28,579 - __main__ - INFO - 5
2023-04-20 10:40:40,813 - __main__ - INFO - failed
2023-04-20 10:40:40,813 - __main__ - INFO - 5
2023-04-20 10:41:12,584 - __main__ - INFO - running Us mob
2023-04-20 10:41:12,584 - __main__ - INFO - running Us mob
2023-04-20 10:41:12,585 - __main__ - INFO - running Us mob
2023-04-20 10:41:12,586 - __main__ - INFO - running Us mob
2023-04-21 10:29:05,947 - __main__ - INFO - 104.45.207.102
2023-04-21 10:29:05,948 - __main__ - INFO - running pc
2023-04-21 10:29:05,948 - __main__ - INFO - running pc
2023-04-21 10:29:05,949 - __main__ - INFO - running pc
2023-04-21 10:29:05,949 - __main__ - INFO - running pc
2023-04-21 10:41:25,589 - __main__ - INFO - running Us mob
2023-04-21 10:41:25,589 - __main__ - INFO - running Us mob
2023-04-21 10:41:25,590 - __main__ - INFO - running Us mob
2023-04-21 10:41:25,591 - __main__ - INFO - running Us mob
2023-04-22 10:27:47,254 - __main__ - INFO - 172.176.144.126
2023-04-22 10:27:47,254 - __main__ - INFO - running pc
2023-04-22 10:27:47,255 - __main__ - INFO - running pc
2023-04-22 10:27:47,255 - __main__ - INFO - running pc
2023-04-22 10:27:47,256 - __main__ - INFO - running pc
2023-04-22 10:40:07,480 - __main__ - INFO - running Us mob
2023-04-22 10:40:07,480 - __main__ - INFO - running Us mob
2023-04-22 10:40:07,481 - __main__ - INFO - running Us mob
2023-04-22 10:40:07,481 - __main__ - INFO - running Us mob
2023-04-23 10:27:15,711 - __main__ - INFO - 172.176.158.0
2023-04-23 10:27:15,711 - __main__ - INFO - running pc
2023-04-23 10:27:15,712 - __main__ - INFO - running pc
2023-04-23 10:27:15,712 - __main__ - INFO - running pc
2023-04-23 10:27:15,713 - __main__ - INFO - running pc
2023-04-23 10:42:37,936 - __main__ - INFO - running Us mob
2023-04-23 10:42:37,936 - __main__ - INFO - running Us mob
2023-04-23 10:42:37,937 - __main__ - INFO - running Us mob
2023-04-23 10:42:37,938 - __main__ - INFO - running Us mob
2023-04-24 10:30:03,334 - __main__ - INFO - 40.84.176.231
2023-04-24 10:30:03,335 - __main__ - INFO - running pc
2023-04-24 10:30:03,336 - __main__ - INFO - running pc
2023-04-24 10:30:03,336 - __main__ - INFO - running pc
2023-04-24 10:30:03,337 - __main__ - INFO - running pc
2023-04-24 10:46:53,240 - __main__ - INFO - running Us mob
2023-04-24 10:46:53,240 - __main__ - INFO - running Us mob
2023-04-24 10:46:53,241 - __main__ - INFO - running Us mob
2023-04-24 10:46:53,242 - __main__ - INFO - running Us mob
2023-04-25 10:30:01,888 - __main__ - INFO - 172.176.158.6
2023-04-25 10:30:01,888 - __main__ - INFO - running pc
2023-04-25 10:30:01,889 - __main__ - INFO - running pc
2023-04-25 10:30:01,890 - __main__ - INFO - running pc
2023-04-25 10:30:01,890 - __main__ - INFO - running pc
2023-04-25 10:45:25,085 - __main__ - INFO - running Us mob
2023-04-25 10:45:25,085 - __main__ - INFO - running Us mob
2023-04-25 10:45:25,086 - __main__ - INFO - running Us mob
2023-04-25 10:45:25,087 - __main__ - INFO - running Us mob
2023-04-26 10:29:09,892 - __main__ - INFO - 104.45.203.176
2023-04-26 10:29:09,893 - __main__ - INFO - running pc
2023-04-26 10:29:09,893 - __main__ - INFO - running pc
2023-04-26 10:29:09,894 - __main__ - INFO - running pc
2023-04-26 10:29:09,895 - __main__ - INFO - running pc
2023-04-26 10:44:36,951 - __main__ - INFO - running Us mob
2023-04-26 10:44:36,951 - __main__ - INFO - running Us mob
2023-04-26 10:44:36,952 - __main__ - INFO - running Us mob
2023-04-26 10:44:36,953 - __main__ - INFO - running Us mob
2023-04-26 10:53:22,940 - __main__ - INFO - failed
2023-04-26 10:53:22,940 - __main__ - INFO - 15
2023-04-27 10:30:00,716 - __main__ - INFO - 40.84.174.98
2023-04-27 10:30:00,716 - __main__ - INFO - running pc
2023-04-27 10:30:00,717 - __main__ - INFO - running pc
2023-04-27 10:30:00,718 - __main__ - INFO - running pc
2023-04-27 10:30:00,718 - __main__ - INFO - running pc
2023-04-27 10:47:12,404 - __main__ - INFO - running Us mob
2023-04-27 10:47:12,405 - __main__ - INFO - running Us mob
2023-04-27 10:47:12,406 - __main__ - INFO - running Us mob
2023-04-27 10:47:12,406 - __main__ - INFO - running Us mob
2023-04-29 03:40:33,168 - __main__ - INFO - 40.86.13.230
2023-04-29 03:40:33,168 - __main__ - INFO - test
2023-04-29 10:26:37,017 - __main__ - INFO - 172.177.25.6
2023-04-29 10:26:37,017 - __main__ - INFO - test
2023-04-29 10:26:37,017 - __main__ - INFO - running pc
2023-04-29 10:41:57,935 - __main__ - INFO - running Us mob
2023-04-29 14:57:01,594 - __main__ - INFO - 104.45.201.64
2023-04-29 14:57:01,594 - __main__ - INFO - test
2023-04-30 10:26:26,310 - __main__ - INFO - 13.88.61.38
2023-04-30 10:26:26,310 - __main__ - INFO - test
2023-04-30 10:26:26,311 - __main__ - INFO - running pc
2023-04-30 10:26:26,311 - __main__ - INFO - running pc
2023-04-30 10:42:09,650 - __main__ - INFO - running Us mob
2023-04-30 10:42:09,650 - __main__ - INFO - running Us mob
2023-05-01 10:28:39,940 - __main__ - INFO - 20.185.155.248
2023-05-01 10:28:39,940 - __main__ - INFO - test
2023-05-01 10:28:39,941 - __main__ - INFO - running pc
2023-05-01 10:28:39,941 - __main__ - INFO - running pc
2023-05-01 10:44:06,119 - __main__ - INFO - running Us mob
2023-05-01 10:44:06,119 - __main__ - INFO - running Us mob
2023-05-02 10:28:51,769 - __main__ - INFO - 172.177.142.32
2023-05-02 10:28:51,769 - __main__ - INFO - test
2023-05-02 10:28:51,769 - __main__ - INFO - running pc
2023-05-02 10:28:51,769 - __main__ - INFO - running pc
2023-05-02 10:44:10,411 - __main__ - INFO - running Us mob
2023-05-02 10:44:10,411 - __main__ - INFO - running Us mob
2023-05-03 11:25:33,147 - __main__ - INFO - 40.84.176.231
2023-05-03 11:25:33,147 - __main__ - INFO - test
2023-05-03 11:25:33,147 - __main__ - INFO - running pc
2023-05-03 11:25:33,148 - __main__ - INFO - running pc
2023-05-03 11:42:22,167 - __main__ - INFO - running Us mob
2023-05-03 11:42:22,167 - __main__ - INFO - running Us mob
2023-05-04 10:28:37,403 - __main__ - INFO - 172.177.32.7
2023-05-04 10:28:37,403 - __main__ - INFO - test
2023-05-04 10:28:37,404 - __main__ - INFO - running pc
2023-05-04 10:28:37,404 - __main__ - INFO - running pc
2023-05-04 10:28:37,405 - __main__ - INFO - running pc
2023-05-04 10:43:57,226 - __main__ - INFO - running Us mob
2023-05-04 10:43:57,226 - __main__ - INFO - running Us mob
2023-05-04 10:43:57,227 - __main__ - INFO - running Us mob
2023-05-05 12:36:26,813 - __main__ - INFO - 172.176.144.119
2023-05-05 12:36:26,813 - __main__ - INFO - test
2023-05-05 12:36:26,814 - __main__ - INFO - running pc
2023-05-05 12:36:26,814 - __main__ - INFO - running pc
2023-05-05 12:36:26,815 - __main__ - INFO - running pc
2023-05-05 12:51:46,153 - __main__ - INFO - running Us mob
2023-05-05 12:51:46,153 - __main__ - INFO - running Us mob
2023-05-05 12:51:46,154 - __main__ - INFO - running Us mob
2023-05-05 12:57:35,691 - __main__ - INFO - failed
2023-05-05 12:57:35,691 - __main__ - INFO - 4
2023-05-05 12:59:27,571 - __main__ - INFO - failed
2023-05-05 12:59:27,571 - __main__ - INFO - 0
2023-05-05 12:59:45,613 - __main__ - INFO - failed
2023-05-05 12:59:45,613 - __main__ - INFO - 19
2023-05-06 10:26:51,671 - __main__ - INFO - 172.176.158.6
2023-05-06 10:26:51,671 - __main__ - INFO - test
2023-05-06 10:26:51,671 - __main__ - INFO - running pc
2023-05-06 10:26:51,671 - __main__ - INFO - running pc
2023-05-06 10:26:51,672 - __main__ - INFO - running pc
2023-05-06 10:42:09,890 - __main__ - INFO - running Us mob
2023-05-06 10:42:09,891 - __main__ - INFO - running Us mob
2023-05-06 10:42:09,892 - __main__ - INFO - running Us mob
2023-05-07 10:26:51,026 - __main__ - INFO - 13.88.61.39
2023-05-07 10:26:51,026 - __main__ - INFO - test
2023-05-07 10:26:51,027 - __main__ - INFO - running pc
2023-05-07 10:26:51,027 - __main__ - INFO - running pc
2023-05-07 10:26:51,028 - __main__ - INFO - running pc
2023-05-07 10:42:33,043 - __main__ - INFO - running Us mob
2023-05-07 10:42:33,043 - __main__ - INFO - running Us mob
2023-05-07 10:42:33,044 - __main__ - INFO - running Us mob
2023-05-08 10:28:59,917 - __main__ - INFO - 40.86.13.230
2023-05-08 10:28:59,918 - __main__ - INFO - test
2023-05-08 10:28:59,918 - __main__ - INFO - running pc
2023-05-08 10:28:59,919 - __main__ - INFO - running pc
2023-05-08 10:28:59,920 - __main__ - INFO - running pc
2023-05-08 10:44:32,821 - __main__ - INFO - running Us mob
2023-05-08 10:44:32,822 - __main__ - INFO - running Us mob
2023-05-08 10:44:32,823 - __main__ - INFO - running Us mob
2023-05-09 10:29:59,636 - __main__ - INFO - 13.89.2.168
2023-05-09 10:29:59,637 - __main__ - INFO - test
2023-05-09 10:29:59,638 - __main__ - INFO - running pc
2023-05-09 10:29:59,638 - __main__ - INFO - running pc
2023-05-09 10:29:59,639 - __main__ - INFO - running pc
2023-05-09 10:45:34,850 - __main__ - INFO - running Us mob
2023-05-09 10:45:34,850 - __main__ - INFO - running Us mob
2023-05-09 10:45:34,852 - __main__ - INFO - running Us mob
2023-05-10 10:28:49,447 - __main__ - INFO - 40.84.174.80
2023-05-10 10:28:49,448 - __main__ - INFO - test
2023-05-10 10:28:49,448 - __main__ - INFO - running pc
2023-05-10 10:28:49,448 - __main__ - INFO - running pc
2023-05-10 10:28:49,449 - __main__ - INFO - running pc
2023-05-10 10:45:38,759 - __main__ - INFO - running Us mob
2023-05-10 10:45:38,759 - __main__ - INFO - running Us mob
2023-05-10 10:45:38,760 - __main__ - INFO - running Us mob
2023-05-11 10:28:27,591 - __main__ - INFO - 157.55.190.56
2023-05-11 10:28:27,591 - __main__ - INFO - test
2023-05-11 10:28:27,591 - __main__ - INFO - running pc
2023-05-11 10:28:27,592 - __main__ - INFO - running pc
2023-05-11 10:28:27,592 - __main__ - INFO - running pc
2023-05-11 10:45:24,400 - __main__ - INFO - running Us mob
2023-05-11 10:45:24,400 - __main__ - INFO - running Us mob
2023-05-11 10:45:24,401 - __main__ - INFO - running Us mob
2023-05-13 10:26:03,407 - __main__ - INFO - 40.84.174.96
2023-05-13 10:26:03,408 - __main__ - INFO - test
2023-05-13 10:26:03,408 - __main__ - INFO - running pc
2023-05-13 10:26:03,409 - __main__ - INFO - running pc
2023-05-13 10:26:03,409 - __main__ - INFO - running pc
2023-05-13 10:43:35,927 - __main__ - INFO - running Us mob
2023-05-13 10:43:35,928 - __main__ - INFO - running Us mob
2023-05-13 10:43:35,929 - __main__ - INFO - running Us mob
2023-05-14 10:25:57,896 - __main__ - INFO - 104.45.203.128
2023-05-14 10:25:57,896 - __main__ - INFO - test
2023-05-14 10:25:57,896 - __main__ - INFO - running pc
2023-05-14 10:25:57,897 - __main__ - INFO - running pc
2023-05-14 10:25:57,897 - __main__ - INFO - running pc
2023-05-14 10:41:20,480 - __main__ - INFO - running Us mob
2023-05-14 10:41:20,480 - __main__ - INFO - running Us mob
2023-05-14 10:41:20,481 - __main__ - INFO - running Us mob
2023-05-15 10:29:52,917 - __main__ - INFO - 172.177.152.224
2023-05-15 10:29:52,918 - __main__ - INFO - test
2023-05-15 10:29:52,918 - __main__ - INFO - running pc
2023-05-15 10:29:52,918 - __main__ - INFO - running pc
2023-05-15 10:29:52,919 - __main__ - INFO - running pc
2023-05-15 10:32:54,104 - __main__ - INFO - failed
2023-05-15 10:32:54,104 - __main__ - INFO - 32
2023-05-15 10:45:13,329 - __main__ - INFO - running Us mob
2023-05-15 10:45:13,329 - __main__ - INFO - running Us mob
2023-05-15 10:45:13,330 - __main__ - INFO - running Us mob
2023-05-16 10:28:42,381 - __main__ - INFO - 13.89.2.167
2023-05-16 10:28:42,381 - __main__ - INFO - test
2023-05-16 10:28:42,382 - __main__ - INFO - running pc
2023-05-16 10:28:42,382 - __main__ - INFO - running pc
2023-05-16 10:28:42,382 - __main__ - INFO - running pc
2023-05-16 10:44:18,880 - __main__ - INFO - running Us mob
2023-05-16 10:44:18,881 - __main__ - INFO - running Us mob
2023-05-16 10:44:18,882 - __main__ - INFO - running Us mob
2023-05-17 10:28:22,326 - __main__ - INFO - 40.84.176.224
2023-05-17 10:28:22,327 - __main__ - INFO - test
2023-05-17 10:28:22,328 - __main__ - INFO - running pc
2023-05-17 10:28:22,329 - __main__ - INFO - running pc
2023-05-17 10:28:22,330 - __main__ - INFO - running pc
2023-05-17 10:45:24,455 - __main__ - INFO - running Us mob
2023-05-17 10:45:24,455 - __main__ - INFO - running Us mob
2023-05-17 10:45:24,457 - __main__ - INFO - running Us mob
2023-05-18 10:28:41,658 - __main__ - INFO - 13.64.12.87
2023-05-18 10:28:41,658 - __main__ - INFO - test
2023-05-18 10:28:41,659 - __main__ - INFO - running pc
2023-05-18 10:28:41,659 - __main__ - INFO - running pc
2023-05-18 10:28:41,660 - __main__ - INFO - running pc
2023-05-18 10:44:24,183 - __main__ - INFO - running Us mob
2023-05-18 10:44:24,183 - __main__ - INFO - running Us mob
2023-05-18 10:44:24,185 - __main__ - INFO - running Us mob
2023-05-19 10:28:13,262 - __main__ - INFO - 157.55.190.48
2023-05-19 10:28:13,262 - __main__ - INFO - test
2023-05-19 10:28:13,262 - __main__ - INFO - running pc
2023-05-19 10:28:13,263 - __main__ - INFO - running pc
2023-05-19 10:28:13,263 - __main__ - INFO - running pc
2023-05-19 10:45:04,923 - __main__ - INFO - running Us mob
2023-05-19 10:45:04,923 - __main__ - INFO - running Us mob
2023-05-19 10:45:04,924 - __main__ - INFO - running Us mob
2023-05-20 10:26:13,237 - __main__ - INFO - 20.185.155.248
2023-05-20 10:26:13,237 - __main__ - INFO - test
2023-05-20 10:26:13,237 - __main__ - INFO - running pc
2023-05-20 10:26:13,238 - __main__ - INFO - running pc
2023-05-20 10:26:13,238 - __main__ - INFO - running pc
2023-05-20 10:41:36,530 - __main__ - INFO - running Us mob
2023-05-20 10:41:36,531 - __main__ - INFO - running Us mob
2023-05-20 10:41:36,531 - __main__ - INFO - running Us mob
2023-05-21 10:25:57,312 - __main__ - INFO - 40.84.170.48
2023-05-21 10:25:57,312 - __main__ - INFO - test
2023-05-21 10:25:57,313 - __main__ - INFO - running pc
2023-05-21 10:25:57,313 - __main__ - INFO - running pc
2023-05-21 10:25:57,313 - __main__ - INFO - running pc
2023-05-21 10:42:56,584 - __main__ - INFO - running Us mob
2023-05-21 10:42:56,584 - __main__ - INFO - running Us mob
2023-05-21 10:42:56,585 - __main__ - INFO - running Us mob
2023-05-22 10:29:23,839 - __main__ - INFO - 20.110.208.222
2023-05-22 10:29:23,840 - __main__ - INFO - test
2023-05-22 10:29:23,840 - __main__ - INFO - running pc
2023-05-22 10:29:23,840 - __main__ - INFO - running pc
2023-05-22 10:29:23,841 - __main__ - INFO - running pc
2023-05-22 10:44:50,196 - __main__ - INFO - running Us mob
2023-05-22 10:44:50,196 - __main__ - INFO - running Us mob
2023-05-22 10:44:50,197 - __main__ - INFO - running Us mob
2023-05-23 10:29:24,281 - __main__ - INFO - 13.83.13.230
2023-05-23 10:29:24,281 - __main__ - INFO - test
2023-05-23 10:29:24,282 - __main__ - INFO - running pc
2023-05-23 10:29:24,282 - __main__ - INFO - running pc
2023-05-23 10:29:24,283 - __main__ - INFO - running pc
2023-05-23 10:45:06,587 - __main__ - INFO - running Us mob
2023-05-23 10:45:06,588 - __main__ - INFO - running Us mob
2023-05-23 10:45:06,588 - __main__ - INFO - running Us mob
2023-05-24 20:48:49,522 - __main__ - INFO - 13.83.4.101
2023-05-24 20:48:49,522 - __main__ - INFO - test
2023-05-24 20:48:49,522 - __main__ - INFO - running pc
2023-05-24 20:48:49,523 - __main__ - INFO - running pc
2023-05-24 20:48:49,523 - __main__ - INFO - running pc
2023-05-24 21:05:04,547 - __main__ - INFO - running Us mob
2023-05-24 21:05:04,547 - __main__ - INFO - running Us mob
2023-05-24 21:05:04,548 - __main__ - INFO - running Us mob
2023-05-25 15:16:43,392 - __main__ - INFO - 172.176.144.120
2023-05-25 15:16:43,392 - __main__ - INFO - test
2023-05-25 15:16:43,392 - __main__ - INFO - running pc
2023-05-25 15:16:43,393 - __main__ - INFO - running pc
2023-05-25 15:16:43,393 - __main__ - INFO - running pc
2023-05-25 15:32:06,265 - __main__ - INFO - running Us mob
2023-05-25 15:32:06,265 - __main__ - INFO - running Us mob
2023-05-25 15:32:06,266 - __main__ - INFO - running Us mob
2023-05-26 10:28:37,244 - __main__ - INFO - 172.177.142.32
2023-05-26 10:28:37,244 - __main__ - INFO - test
2023-05-26 10:28:37,245 - __main__ - INFO - running pc
2023-05-26 10:28:37,245 - __main__ - INFO - running pc
2023-05-26 10:28:37,246 - __main__ - INFO - running pc
2023-05-26 10:43:56,482 - __main__ - INFO - running Us mob
2023-05-26 10:43:56,482 - __main__ - INFO - running Us mob
2023-05-26 10:43:56,483 - __main__ - INFO - running Us mob
2023-05-27 10:31:33,289 - __main__ - INFO - 172.177.208.145
2023-05-27 10:31:33,290 - __main__ - INFO - test
2023-05-27 10:31:33,290 - __main__ - INFO - running pc
2023-05-27 10:31:33,291 - __main__ - INFO - running pc
2023-05-27 10:31:33,291 - __main__ - INFO - running pc
2023-05-27 10:46:55,603 - __main__ - INFO - running Us mob
2023-05-27 10:46:55,604 - __main__ - INFO - running Us mob
2023-05-27 10:46:55,604 - __main__ - INFO - running Us mob
2023-05-28 10:26:10,608 - __main__ - INFO - 40.77.92.160
2023-05-28 10:26:10,608 - __main__ - INFO - test
2023-05-28 10:26:10,608 - __main__ - INFO - running pc
2023-05-28 10:26:10,609 - __main__ - INFO - running pc
2023-05-28 10:26:10,609 - __main__ - INFO - running pc
2023-05-28 10:41:45,722 - __main__ - INFO - running Us mob
2023-05-28 10:41:45,722 - __main__ - INFO - running Us mob
2023-05-28 10:41:45,723 - __main__ - INFO - running Us mob
2023-05-29 10:28:56,925 - __main__ - INFO - 20.185.158.17
2023-05-29 10:28:56,925 - __main__ - INFO - test
2023-05-29 10:28:56,926 - __main__ - INFO - running pc
2023-05-29 10:28:56,926 - __main__ - INFO - running pc
2023-05-29 10:28:56,927 - __main__ - INFO - running pc
2023-05-29 10:44:19,692 - __main__ - INFO - running Us mob
2023-05-29 10:44:19,692 - __main__ - INFO - running Us mob
2023-05-29 10:44:19,694 - __main__ - INFO - running Us mob
2023-05-31 10:12:41,914 - __main__ - INFO - running pc
2023-05-31 10:12:41,916 - __main__ - INFO - running pc
2023-05-31 10:12:41,916 - __main__ - INFO - running pc
2023-05-31 10:28:26,159 - __main__ - INFO - running Us mob
2023-05-31 10:28:26,159 - __main__ - INFO - running Us mob
2023-05-31 10:28:26,160 - __main__ - INFO - running Us mob
2023-06-01 10:14:57,031 - __main__ - INFO - running pc
2023-06-01 10:14:57,033 - __main__ - INFO - running pc
2023-06-01 10:14:57,034 - __main__ - INFO - running pc
2023-06-01 10:30:20,762 - __main__ - INFO - running Us mob
2023-06-01 10:30:20,762 - __main__ - INFO - running Us mob
2023-06-01 10:30:20,763 - __main__ - INFO - running Us mob
2023-06-02 10:12:28,852 - __main__ - INFO - running pc
2023-06-02 10:12:28,852 - __main__ - INFO - running pc
2023-06-02 10:12:28,853 - __main__ - INFO - running pc
2023-06-02 10:27:48,396 - __main__ - INFO - running Us mob
2023-06-02 10:27:48,396 - __main__ - INFO - running Us mob
2023-06-02 10:27:48,397 - __main__ - INFO - running Us mob
2023-06-03 10:11:38,677 - __main__ - INFO - running pc
2023-06-03 10:11:38,679 - __main__ - INFO - running pc
2023-06-03 10:11:38,680 - __main__ - INFO - running pc
2023-06-03 10:27:46,522 - __main__ - INFO - running Us mob
2023-06-03 10:27:46,522 - __main__ - INFO - running Us mob
2023-06-03 10:27:46,524 - __main__ - INFO - running Us mob
2023-06-04 10:11:59,462 - __main__ - INFO - running pc
2023-06-04 10:11:59,463 - __main__ - INFO - running pc
2023-06-04 10:11:59,466 - __main__ - INFO - running pc
2023-06-04 10:14:09,063 - __main__ - INFO - failed
2023-06-04 10:14:09,063 - __main__ - INFO - 7
2023-06-04 10:27:55,933 - __main__ - INFO - running Us mob
2023-06-04 10:27:55,934 - __main__ - INFO - running Us mob
2023-06-04 10:27:55,934 - __main__ - INFO - running Us mob
2023-06-05 10:13:06,099 - __main__ - INFO - running pc
2023-06-05 10:13:06,101 - __main__ - INFO - running pc
2023-06-05 10:13:06,102 - __main__ - INFO - running pc
2023-06-05 10:30:07,546 - __main__ - INFO - running Us mob
2023-06-05 10:30:07,546 - __main__ - INFO - running Us mob
2023-06-05 10:30:07,548 - __main__ - INFO - running Us mob
2023-06-06 11:12:47,407 - __main__ - INFO - running pc
2023-06-06 11:12:47,407 - __main__ - INFO - running pc
2023-06-06 11:12:47,408 - __main__ - INFO - running pc
2023-06-06 11:28:10,527 - __main__ - INFO - running Us mob
2023-06-06 11:28:10,527 - __main__ - INFO - running Us mob
2023-06-06 11:28:10,528 - __main__ - INFO - running Us mob
2023-06-07 10:12:45,486 - __main__ - INFO - running pc
2023-06-07 10:12:45,486 - __main__ - INFO - running pc
2023-06-07 10:12:45,487 - __main__ - INFO - running pc
2023-06-07 10:28:18,292 - __main__ - INFO - running Us mob
2023-06-07 10:28:18,292 - __main__ - INFO - running Us mob
2023-06-07 10:28:18,293 - __main__ - INFO - running Us mob
2023-06-08 10:12:37,124 - __main__ - INFO - running pc
2023-06-08 10:12:37,124 - __main__ - INFO - running pc
2023-06-08 10:12:37,125 - __main__ - INFO - running pc
2023-06-08 10:27:56,633 - __main__ - INFO - running Us mob
2023-06-08 10:27:56,633 - __main__ - INFO - running Us mob
2023-06-08 10:27:56,634 - __main__ - INFO - running Us mob
2023-06-09 10:12:41,403 - __main__ - INFO - running pc
2023-06-09 10:12:41,404 - __main__ - INFO - running pc
2023-06-09 10:12:41,405 - __main__ - INFO - running pc
2023-06-09 10:28:28,689 - __main__ - INFO - running Us mob
2023-06-09 10:28:28,689 - __main__ - INFO - running Us mob
2023-06-09 10:28:28,691 - __main__ - INFO - running Us mob
2023-06-10 10:11:57,132 - __main__ - INFO - running pc
2023-06-10 10:11:57,133 - __main__ - INFO - running pc
2023-06-10 10:11:57,133 - __main__ - INFO - running pc
2023-06-10 10:27:23,118 - __main__ - INFO - running Us mob
2023-06-10 10:27:23,118 - __main__ - INFO - running Us mob
2023-06-10 10:27:23,119 - __main__ - INFO - running Us mob
2023-06-11 10:11:37,661 - __main__ - INFO - running pc
2023-06-11 10:11:37,661 - __main__ - INFO - running pc
2023-06-11 10:11:37,662 - __main__ - INFO - running pc
2023-06-11 10:28:01,777 - __main__ - INFO - running Us mob
2023-06-11 10:28:01,777 - __main__ - INFO - running Us mob
2023-06-11 10:28:01,778 - __main__ - INFO - running Us mob
2023-06-12 10:13:21,321 - __main__ - INFO - running pc
2023-06-12 10:13:21,323 - __main__ - INFO - running pc
2023-06-12 10:13:21,324 - __main__ - INFO - running pc
2023-06-12 10:30:33,046 - __main__ - INFO - running Us mob
2023-06-12 10:30:33,046 - __main__ - INFO - running Us mob
2023-06-12 10:30:33,047 - __main__ - INFO - running Us mob
2023-06-13 10:12:39,923 - __main__ - INFO - running pc
2023-06-13 10:12:39,923 - __main__ - INFO - running pc
2023-06-13 10:12:39,924 - __main__ - INFO - running pc
2023-06-13 10:17:44,240 - __main__ - INFO - failed
2023-06-13 10:17:44,241 - __main__ - INFO - 7
2023-06-13 10:28:05,859 - __main__ - INFO - running Us mob
2023-06-13 10:28:05,859 - __main__ - INFO - running Us mob
2023-06-13 10:28:05,860 - __main__ - INFO - running Us mob
2023-06-13 10:28:25,148 - __main__ - INFO - failed
2023-06-13 10:28:25,149 - __main__ - INFO - 18
2023-06-14 10:12:32,633 - __main__ - INFO - running pc
2023-06-14 10:12:32,633 - __main__ - INFO - running pc
2023-06-14 10:12:32,634 - __main__ - INFO - running pc
2023-06-14 10:28:54,955 - __main__ - INFO - running Us mob
2023-06-14 10:28:54,955 - __main__ - INFO - running Us mob
2023-06-14 10:28:54,955 - __main__ - INFO - running Us mob
2023-06-15 10:13:03,156 - __main__ - INFO - running pc
2023-06-15 10:13:03,157 - __main__ - INFO - running pc
2023-06-15 10:13:03,158 - __main__ - INFO - running pc
2023-06-15 10:28:23,575 - __main__ - INFO - running Us mob
2023-06-15 10:28:23,575 - __main__ - INFO - running Us mob
2023-06-15 10:28:23,576 - __main__ - INFO - running Us mob
2023-06-16 10:12:35,017 - __main__ - INFO - running pc
2023-06-16 10:12:35,018 - __main__ - INFO - running pc
2023-06-16 10:12:35,019 - __main__ - INFO - running pc
2023-06-16 10:28:18,114 - __main__ - INFO - running Us mob
2023-06-16 10:28:18,114 - __main__ - INFO - running Us mob
2023-06-16 10:28:18,116 - __main__ - INFO - running Us mob
2023-06-17 10:12:02,601 - __main__ - INFO - running pc
2023-06-17 10:12:02,603 - __main__ - INFO - running pc
2023-06-17 10:12:02,604 - __main__ - INFO - running pc
2023-06-17 10:27:30,355 - __main__ - INFO - running Us mob
2023-06-17 10:27:30,355 - __main__ - INFO - running Us mob
2023-06-17 10:27:30,356 - __main__ - INFO - running Us mob
2023-06-18 10:11:50,416 - __main__ - INFO - running pc
2023-06-18 10:11:50,418 - __main__ - INFO - running pc
2023-06-18 10:11:50,418 - __main__ - INFO - running pc
2023-06-18 10:27:12,822 - __main__ - INFO - running Us mob
2023-06-18 10:27:12,822 - __main__ - INFO - running Us mob
2023-06-18 10:27:12,823 - __main__ - INFO - running Us mob
2023-06-19 10:13:16,376 - __main__ - INFO - running pc
2023-06-19 10:13:16,377 - __main__ - INFO - running pc
2023-06-19 10:13:16,377 - __main__ - INFO - running pc
2023-06-19 10:28:59,676 - __main__ - INFO - running Us mob
2023-06-19 10:28:59,676 - __main__ - INFO - running Us mob
2023-06-19 10:28:59,677 - __main__ - INFO - running Us mob
2023-06-19 10:35:18,659 - __main__ - INFO - failed
2023-06-19 10:35:18,659 - __main__ - INFO - 0
2023-06-20 10:12:56,363 - __main__ - INFO - running pc
2023-06-20 10:12:56,365 - __main__ - INFO - running pc
2023-06-20 10:12:56,365 - __main__ - INFO - running pc
2023-06-20 10:28:49,011 - __main__ - INFO - running Us mob
2023-06-20 10:28:49,011 - __main__ - INFO - running Us mob
2023-06-20 10:28:49,012 - __main__ - INFO - running Us mob
2023-06-21 10:13:25,080 - __main__ - INFO - running pc
2023-06-21 10:13:25,080 - __main__ - INFO - running pc
2023-06-21 10:13:25,080 - __main__ - INFO - running pc
2023-06-21 10:28:46,792 - __main__ - INFO - running Us mob
2023-06-21 10:28:46,792 - __main__ - INFO - running Us mob
2023-06-21 10:28:46,793 - __main__ - INFO - running Us mob
2023-06-22 10:12:38,990 - __main__ - INFO - running pc
2023-06-22 10:12:38,991 - __main__ - INFO - running pc
2023-06-22 10:12:38,991 - __main__ - INFO - running pc
2023-06-22 10:28:18,846 - __main__ - INFO - running Us mob
2023-06-22 10:28:18,846 - __main__ - INFO - running Us mob
2023-06-22 10:28:18,848 - __main__ - INFO - running Us mob
2023-06-23 10:14:55,867 - __main__ - INFO - running pc
2023-06-23 10:14:55,867 - __main__ - INFO - running pc
2023-06-23 10:14:55,868 - __main__ - INFO - running pc
2023-06-23 10:30:20,461 - __main__ - INFO - running Us mob
2023-06-23 10:30:20,461 - __main__ - INFO - running Us mob
2023-06-23 10:30:20,462 - __main__ - INFO - running Us mob
2023-06-23 10:37:00,818 - __main__ - INFO - failed
2023-06-23 10:37:00,818 - __main__ - INFO - 6
2023-06-24 10:13:31,012 - __main__ - INFO - running pc
2023-06-24 10:13:31,014 - __main__ - INFO - running pc
2023-06-24 10:13:31,014 - __main__ - INFO - running pc
2023-06-24 10:28:54,992 - __main__ - INFO - running Us mob
2023-06-24 10:28:54,992 - __main__ - INFO - running Us mob
2023-06-24 10:28:54,993 - __main__ - INFO - running Us mob
2023-06-25 10:13:52,645 - __main__ - INFO - running pc
2023-06-25 10:13:52,645 - __main__ - INFO - running pc
2023-06-25 10:13:52,646 - __main__ - INFO - running pc
2023-06-25 10:29:37,003 - __main__ - INFO - running Us mob
2023-06-25 10:29:37,003 - __main__ - INFO - running Us mob
2023-06-25 10:29:37,005 - __main__ - INFO - running Us mob
2023-06-26 10:15:01,037 - __main__ - INFO - running pc
2023-06-26 10:15:01,040 - __main__ - INFO - running pc
2023-06-26 10:15:01,040 - __main__ - INFO - running pc
2023-06-26 10:30:29,808 - __main__ - INFO - running Us mob
2023-06-26 10:30:29,808 - __main__ - INFO - running Us mob
2023-06-26 10:30:29,809 - __main__ - INFO - running Us mob
